<?xml version="1.0" encoding="UTF-8"?>
<robot generator="Robot 6.1.1 (Python 3.12.0 on win32)" generated="20240710 11:19:35.523" rpa="false" schemaversion="4">
<suite id="s1" name="Signup" source="C:\Users\renat\OneDrive\Documentos\Cursos Papito\RobotFramework_Papito\QAx\projects\mark85-robot-express\tests\signup.robot">
<test id="s1-t1" name="Deve poder cadastrar um novo usuário" line="13">
<kw name="Start Session" library="base" type="SETUP">
<kw name="New Browser" library="Browser">
<arg>browser=chromium</arg>
<arg>headless=False</arg>
<tag>BrowserControl</tag>
<tag>Setter</tag>
<doc>Create a new playwright Browser with specified options.</doc>
<msg timestamp="20240710 11:19:42.915" level="INFO">{"browser": "chromium", "headless": false, "chromiumSandbox": false, "devtools": false, "handleSIGHUP": true, "handleSIGINT": true, "handleSIGTERM": true, "slowMo": 0.0, "timeout": 30000.0, "tracesDir": "C:\\Users\\renat\\OneDrive\\Documentos\\Cursos Papito\\RobotFramework_Papito\\QAx\\projects\\mark85-robot-express\\tests\\logs\\browser\\traces\\4afefcae-8de2-4bfc-8a5b-c10ff87ac6cb"}</msg>
<msg timestamp="20240710 11:19:43.735" level="INFO">Successfully created browser with options: {"browser":"chromium","headless":false,"chromiumSandbox":false,"devtools":false,"handleSIGHUP":true,"handleSIGINT":true,"handleSIGTERM":true,"slowMo":0,"timeout":30000,"tracesDir":"C:\\Users\\renat\\OneDrive\\Documentos\\Cursos Papito\\RobotFramework_Papito\\QAx\\projects\\mark85-robot-express\\tests\\logs\\browser\\traces\\4afefcae-8de2-4bfc-8a5b-c10ff87ac6cb"}</msg>
<status status="PASS" starttime="20240710 11:19:42.913" endtime="20240710 11:19:43.736"/>
</kw>
<kw name="New Page" library="Browser">
<arg>http://localhost:3000</arg>
<tag>BrowserControl</tag>
<tag>Setter</tag>
<doc>Open a new Page.</doc>
<msg timestamp="20240710 11:19:46.790" level="INFO">Successfully initialized new page object and opened url: http://localhost:3000</msg>
<msg timestamp="20240710 11:19:46.790" level="INFO">No context was open. New context was automatically opened when this page is created.</msg>
<status status="PASS" starttime="20240710 11:19:43.737" endtime="20240710 11:19:46.791"/>
</kw>
<status status="PASS" starttime="20240710 11:19:42.912" endtime="20240710 11:19:46.792"/>
</kw>
<kw name="Create Dictionary" library="BuiltIn">
<var>${user}</var>
<arg>name=Renata Lobato</arg>
<arg>email=renata@gmail.com</arg>
<arg>password=123456</arg>
<doc>Creates and returns a dictionary based on the given ``items``.</doc>
<msg timestamp="20240710 11:19:46.879" level="INFO">${user} = {'name': 'Renata Lobato', 'email': 'renata@gmail.com', 'password': '123456'}</msg>
<status status="PASS" starttime="20240710 11:19:46.877" endtime="20240710 11:19:46.879"/>
</kw>
<kw name="Remove user from database" library="database">
<arg>${user}[email]</arg>
<msg timestamp="20240710 11:19:47.190" level="INFO">removing user by renata@gmail.com</msg>
<status status="PASS" starttime="20240710 11:19:46.962" endtime="20240710 11:19:47.190"/>
</kw>
<kw name="Go To" library="Browser">
<arg>http://localhost:3000/signup</arg>
<tag>BrowserControl</tag>
<tag>Setter</tag>
<doc>Navigates to the given ``url``.</doc>
<msg timestamp="20240710 11:19:47.491" level="INFO">Successfully opened URL http://localhost:3000/signup</msg>
<status status="PASS" starttime="20240710 11:19:47.204" endtime="20240710 11:19:47.491"/>
</kw>
<kw name="Wait For Elements State" library="Browser">
<arg>css=h1</arg>
<arg>visible</arg>
<arg>5</arg>
<tag>PageContent</tag>
<tag>Wait</tag>
<doc>Waits for the element found by ``selector`` to satisfy state option.</doc>
<msg timestamp="20240710 11:19:47.738" level="INFO">Waited for Element with selector css=h1 at state visible</msg>
<status status="PASS" starttime="20240710 11:19:47.623" endtime="20240710 11:19:47.738"/>
</kw>
<kw name="Get Text" library="Browser">
<arg>css=h1</arg>
<arg>equal</arg>
<arg>Faça seu cadastro</arg>
<tag>Assertion</tag>
<tag>Getter</tag>
<tag>PageContent</tag>
<doc>Returns text attribute of the element found by ``selector``.</doc>
<msg timestamp="20240710 11:19:47.855" level="INFO">Text: 'Faça seu cadastro'</msg>
<status status="PASS" starttime="20240710 11:19:47.755" endtime="20240710 11:19:47.856"/>
</kw>
<kw name="Fill Text" library="Browser">
<arg>id=name</arg>
<arg>${user}[name]</arg>
<tag>PageContent</tag>
<tag>Setter</tag>
<doc>Clears and fills the given ``txt`` into the text field found by ``selector``.</doc>
<msg timestamp="20240710 11:19:47.881" level="INFO">Fills the text 'Renata Lobato' in the given field.</msg>
<status status="PASS" starttime="20240710 11:19:47.880" endtime="20240710 11:19:47.971"/>
</kw>
<kw name="Fill Text" library="Browser">
<arg>id=email</arg>
<arg>${user}[email]</arg>
<tag>PageContent</tag>
<tag>Setter</tag>
<doc>Clears and fills the given ``txt`` into the text field found by ``selector``.</doc>
<msg timestamp="20240710 11:19:48.003" level="INFO">Fills the text 'renata@gmail.com' in the given field.</msg>
<status status="PASS" starttime="20240710 11:19:48.002" endtime="20240710 11:19:48.084"/>
</kw>
<kw name="Fill Text" library="Browser">
<arg>id=password</arg>
<arg>${user}[password]</arg>
<tag>PageContent</tag>
<tag>Setter</tag>
<doc>Clears and fills the given ``txt`` into the text field found by ``selector``.</doc>
<msg timestamp="20240710 11:19:48.115" level="INFO">Fills the text '123456' in the given field.</msg>
<status status="PASS" starttime="20240710 11:19:48.114" endtime="20240710 11:19:48.171"/>
</kw>
<kw name="Click" library="Browser">
<arg>id=buttonSignup</arg>
<tag>PageContent</tag>
<tag>Setter</tag>
<doc>Simulates mouse click on the element found by ``selector``.</doc>
<msg timestamp="20240710 11:19:48.194" level="INFO">Clicks the element 'id=buttonSignup'.</msg>
<status status="PASS" starttime="20240710 11:19:48.193" endtime="20240710 11:19:48.366"/>
</kw>
<kw name="Wait For Elements State" library="Browser">
<arg>css=.notice p</arg>
<arg>visible</arg>
<arg>5</arg>
<tag>PageContent</tag>
<tag>Wait</tag>
<doc>Waits for the element found by ``selector`` to satisfy state option.</doc>
<msg timestamp="20240710 11:19:48.536" level="INFO">Waited for Element with selector css=.notice p at state visible</msg>
<status status="PASS" starttime="20240710 11:19:48.368" endtime="20240710 11:19:48.536"/>
</kw>
<kw name="Get Text" library="Browser">
<arg>css=.notice p</arg>
<arg>equal</arg>
<arg>Boas vindas ao Mark85, o seu gerenciador de tarefas.</arg>
<tag>Assertion</tag>
<tag>Getter</tag>
<tag>PageContent</tag>
<doc>Returns text attribute of the element found by ``selector``.</doc>
<msg timestamp="20240710 11:19:48.629" level="INFO">Text: 'Boas vindas ao Mark85, o seu gerenciador de tarefas.'</msg>
<status status="PASS" starttime="20240710 11:19:48.554" endtime="20240710 11:19:48.629"/>
</kw>
<kw name="Take Screenshot" library="Browser" type="TEARDOWN">
<tag>PageContent</tag>
<doc>Takes a screenshot of the current window or element and saves it to disk.</doc>
<msg timestamp="20240710 11:19:49.108" level="INFO" html="true">&lt;/td&gt;&lt;/tr&gt;&lt;tr&gt;&lt;td colspan="3"&gt;&lt;a href="browser/screenshot/robotframework-browser-screenshot-1.png" target="_blank"&gt;&lt;img src="browser/screenshot/robotframework-browser-screenshot-1.png" width="800px"/&gt;&lt;/a&gt;</msg>
<status status="PASS" starttime="20240710 11:19:48.653" endtime="20240710 11:19:49.109"/>
</kw>
<status status="PASS" starttime="20240710 11:19:42.903" endtime="20240710 11:19:49.110"/>
</test>
<test id="s1-t2" name="Não deve permitir o cadastro com email duplicado" line="37">
<kw name="Start Session" library="base" type="SETUP">
<kw name="New Browser" library="Browser">
<arg>browser=chromium</arg>
<arg>headless=False</arg>
<tag>BrowserControl</tag>
<tag>Setter</tag>
<doc>Create a new playwright Browser with specified options.</doc>
<msg timestamp="20240710 11:19:49.819" level="INFO">Switching browser to browser=6a689331-5f30-4e55-bc86-6110c26c85fe</msg>
<msg timestamp="20240710 11:19:49.827" level="INFO">Successfully changed active browser: browser=6a689331-5f30-4e55-bc86-6110c26c85fe</msg>
<msg timestamp="20240710 11:19:49.828" level="INFO">Reusing existing browser with id: browser=6a689331-5f30-4e55-bc86-6110c26c85fe</msg>
<status status="PASS" starttime="20240710 11:19:49.818" endtime="20240710 11:19:49.828"/>
</kw>
<kw name="New Page" library="Browser">
<arg>http://localhost:3000</arg>
<tag>BrowserControl</tag>
<tag>Setter</tag>
<doc>Open a new Page.</doc>
<msg timestamp="20240710 11:20:01.964" level="INFO">Successfully initialized new page object and opened url: http://localhost:3000</msg>
<msg timestamp="20240710 11:20:01.964" level="INFO">No context was open. New context was automatically opened when this page is created.</msg>
<status status="PASS" starttime="20240710 11:19:49.828" endtime="20240710 11:20:01.964"/>
</kw>
<status status="PASS" starttime="20240710 11:19:49.817" endtime="20240710 11:20:01.965"/>
</kw>
<kw name="Create Dictionary" library="BuiltIn">
<var>${user}</var>
<arg>name=Lobato Renata</arg>
<arg>email=renata@gmail.com</arg>
<arg>password=123456</arg>
<doc>Creates and returns a dictionary based on the given ``items``.</doc>
<msg timestamp="20240710 11:20:02.022" level="INFO">${user} = {'name': 'Lobato Renata', 'email': 'renata@gmail.com', 'password': '123456'}</msg>
<status status="PASS" starttime="20240710 11:20:02.020" endtime="20240710 11:20:02.022"/>
</kw>
<kw name="Remove user from database" library="database">
<arg>${user}[email]</arg>
<msg timestamp="20240710 11:20:02.056" level="INFO">removing user by renata@gmail.com</msg>
<status status="PASS" starttime="20240710 11:20:02.023" endtime="20240710 11:20:02.057"/>
</kw>
<kw name="Insert user from database" library="database">
<arg>${user}</arg>
<msg timestamp="20240710 11:20:02.083" level="INFO">{'name': 'Lobato Renata', 'email': 'renata@gmail.com', 'password': '123456', '_id': ObjectId('668e9892b5438523f3edcffc')}</msg>
<status status="PASS" starttime="20240710 11:20:02.061" endtime="20240710 11:20:02.083"/>
</kw>
<kw name="Go To" library="Browser">
<arg>http://localhost:3000/signup</arg>
<tag>BrowserControl</tag>
<tag>Setter</tag>
<doc>Navigates to the given ``url``.</doc>
<msg timestamp="20240710 11:20:02.356" level="INFO">Successfully opened URL http://localhost:3000/signup</msg>
<status status="PASS" starttime="20240710 11:20:02.084" endtime="20240710 11:20:02.356"/>
</kw>
<kw name="Wait For Elements State" library="Browser">
<arg>css=h1</arg>
<arg>visible</arg>
<arg>5</arg>
<tag>PageContent</tag>
<tag>Wait</tag>
<doc>Waits for the element found by ``selector`` to satisfy state option.</doc>
<msg timestamp="20240710 11:20:02.514" level="INFO">Waited for Element with selector css=h1 at state visible</msg>
<status status="PASS" starttime="20240710 11:20:02.384" endtime="20240710 11:20:02.514"/>
</kw>
<kw name="Get Text" library="Browser">
<arg>css=h1</arg>
<arg>equal</arg>
<arg>Faça seu cadastro</arg>
<tag>Assertion</tag>
<tag>Getter</tag>
<tag>PageContent</tag>
<doc>Returns text attribute of the element found by ``selector``.</doc>
<msg timestamp="20240710 11:20:02.618" level="INFO">Text: 'Faça seu cadastro'</msg>
<status status="PASS" starttime="20240710 11:20:02.515" endtime="20240710 11:20:02.618"/>
</kw>
<kw name="Fill Text" library="Browser">
<arg>id=name</arg>
<arg>${user}[name]</arg>
<tag>PageContent</tag>
<tag>Setter</tag>
<doc>Clears and fills the given ``txt`` into the text field found by ``selector``.</doc>
<msg timestamp="20240710 11:20:02.630" level="INFO">Fills the text 'Lobato Renata' in the given field.</msg>
<status status="PASS" starttime="20240710 11:20:02.630" endtime="20240710 11:20:02.727"/>
</kw>
<kw name="Fill Text" library="Browser">
<arg>id=email</arg>
<arg>${user}[email]</arg>
<tag>PageContent</tag>
<tag>Setter</tag>
<doc>Clears and fills the given ``txt`` into the text field found by ``selector``.</doc>
<msg timestamp="20240710 11:20:02.739" level="INFO">Fills the text 'renata@gmail.com' in the given field.</msg>
<status status="PASS" starttime="20240710 11:20:02.738" endtime="20240710 11:20:02.806"/>
</kw>
<kw name="Fill Text" library="Browser">
<arg>id=password</arg>
<arg>${user}[password]</arg>
<tag>PageContent</tag>
<tag>Setter</tag>
<doc>Clears and fills the given ``txt`` into the text field found by ``selector``.</doc>
<msg timestamp="20240710 11:20:02.864" level="INFO">Fills the text '123456' in the given field.</msg>
<status status="PASS" starttime="20240710 11:20:02.863" endtime="20240710 11:20:02.922"/>
</kw>
<kw name="Click" library="Browser">
<arg>id=buttonSignup</arg>
<tag>PageContent</tag>
<tag>Setter</tag>
<doc>Simulates mouse click on the element found by ``selector``.</doc>
<msg timestamp="20240710 11:20:02.949" level="INFO">Clicks the element 'id=buttonSignup'.</msg>
<status status="PASS" starttime="20240710 11:20:02.948" endtime="20240710 11:20:03.124"/>
</kw>
<kw name="Wait For Elements State" library="Browser">
<arg>css=.notice p</arg>
<arg>visible</arg>
<arg>5</arg>
<tag>PageContent</tag>
<tag>Wait</tag>
<doc>Waits for the element found by ``selector`` to satisfy state option.</doc>
<msg timestamp="20240710 11:20:03.219" level="INFO">Waited for Element with selector css=.notice p at state visible</msg>
<status status="PASS" starttime="20240710 11:20:03.181" endtime="20240710 11:20:03.219"/>
</kw>
<kw name="Get Text" library="Browser">
<arg>css=.notice p</arg>
<arg>equal</arg>
<arg>Oops! Já existe uma conta com o e-mail informado.</arg>
<tag>Assertion</tag>
<tag>Getter</tag>
<tag>PageContent</tag>
<doc>Returns text attribute of the element found by ``selector``.</doc>
<msg timestamp="20240710 11:20:03.326" level="INFO">Text: 'Oops! Já existe uma conta com o e-mail informado.'</msg>
<status status="PASS" starttime="20240710 11:20:03.249" endtime="20240710 11:20:03.326"/>
</kw>
<kw name="Take Screenshot" library="Browser" type="TEARDOWN">
<tag>PageContent</tag>
<doc>Takes a screenshot of the current window or element and saves it to disk.</doc>
<msg timestamp="20240710 11:20:03.817" level="INFO" html="true">&lt;/td&gt;&lt;/tr&gt;&lt;tr&gt;&lt;td colspan="3"&gt;&lt;a href="browser/screenshot/robotframework-browser-screenshot-2.png" target="_blank"&gt;&lt;img src="browser/screenshot/robotframework-browser-screenshot-2.png" width="800px"/&gt;&lt;/a&gt;</msg>
<status status="PASS" starttime="20240710 11:20:03.334" endtime="20240710 11:20:03.817"/>
</kw>
<tag>dup</tag>
<status status="PASS" starttime="20240710 11:19:49.755" endtime="20240710 11:20:03.822"/>
</test>
<doc>Cenários de testes do cadastro de usuários</doc>
<status status="PASS" starttime="20240710 11:19:35.527" endtime="20240710 11:20:04.631"/>
</suite>
<statistics>
<total>
<stat pass="2" fail="0" skip="0">All Tests</stat>
</total>
<tag>
<stat pass="1" fail="0" skip="0">dup</stat>
</tag>
<suite>
<stat pass="2" fail="0" skip="0" id="s1" name="Signup">Signup</stat>
</suite>
</statistics>
<errors>
</errors>
</robot>
