<?xml version="1.0" encoding="UTF-8"?>
<robot generator="Robot 6.1.1 (Python 3.12.0 on win32)" generated="20240710 12:09:08.829" rpa="false" schemaversion="4">
<suite id="s1" name="Signup" source="C:\Users\renat\OneDrive\Documentos\Cursos Papito\RobotFramework_Papito\QAx\projects\mark85-robot-express\tests\signup.robot">
<test id="s1-t1" name="Deve poder cadastrar um novo usuário" line="13">
<kw name="Start Session" library="base" type="SETUP">
<kw name="New Browser" library="Browser">
<arg>browser=chromium</arg>
<arg>headless=False</arg>
<tag>BrowserControl</tag>
<tag>Setter</tag>
<doc>Create a new playwright Browser with specified options.</doc>
<msg timestamp="20240710 12:09:21.670" level="INFO">{"browser": "chromium", "headless": false, "chromiumSandbox": false, "devtools": false, "handleSIGHUP": true, "handleSIGINT": true, "handleSIGTERM": true, "slowMo": 0.0, "timeout": 30000.0, "tracesDir": "C:\\Users\\renat\\OneDrive\\Documentos\\Cursos Papito\\RobotFramework_Papito\\QAx\\projects\\mark85-robot-express\\tests\\logs\\browser\\traces\\9f2bdf28-71f9-413b-a721-e3b4b4f1bbb0"}</msg>
<msg timestamp="20240710 12:09:25.656" level="INFO">Successfully created browser with options: {"browser":"chromium","headless":false,"chromiumSandbox":false,"devtools":false,"handleSIGHUP":true,"handleSIGINT":true,"handleSIGTERM":true,"slowMo":0,"timeout":30000,"tracesDir":"C:\\Users\\renat\\OneDrive\\Documentos\\Cursos Papito\\RobotFramework_Papito\\QAx\\projects\\mark85-robot-express\\tests\\logs\\browser\\traces\\9f2bdf28-71f9-413b-a721-e3b4b4f1bbb0"}</msg>
<status status="PASS" starttime="20240710 12:09:21.669" endtime="20240710 12:09:25.656"/>
</kw>
<kw name="New Page" library="Browser">
<arg>http://localhost:3000</arg>
<tag>BrowserControl</tag>
<tag>Setter</tag>
<doc>Open a new Page.</doc>
<msg timestamp="20240710 12:09:31.125" level="INFO">Keyword 'Take Screenshot  fail-screenshot-{index}' could not be run on failure:
Error: Tried to take screenshot, but no page was open.</msg>
<msg timestamp="20240710 12:09:31.126" level="INFO">See also file:///C:/Users/renat/OneDrive/Documentos/Cursos%20Papito/RobotFramework_Papito/QAx/projects/mark85-robot-express/tests/logs/playwright-log.txt for additional details.</msg>
<msg timestamp="20240710 12:09:31.126" level="FAIL">Error: page.goto: net::ERR_CONNECTION_REFUSED at http://localhost:3000/
Call log:
  [2m- navigating to "http://localhost:3000/", waiting until "load"[22m
</msg>
<status status="FAIL" starttime="20240710 12:09:25.657" endtime="20240710 12:09:31.146"/>
</kw>
<status status="FAIL" starttime="20240710 12:09:21.668" endtime="20240710 12:09:31.147"/>
</kw>
<kw name="Take Screenshot" library="Browser" type="TEARDOWN">
<tag>PageContent</tag>
<doc>Takes a screenshot of the current window or element and saves it to disk.</doc>
<msg timestamp="20240710 12:09:31.888" level="INFO">Keyword 'Take Screenshot  fail-screenshot-{index}' could not be run on failure:
Error: Tried to take screenshot, but no page was open.</msg>
<msg timestamp="20240710 12:09:31.889" level="INFO">See also file:///C:/Users/renat/OneDrive/Documentos/Cursos%20Papito/RobotFramework_Papito/QAx/projects/mark85-robot-express/tests/logs/playwright-log.txt for additional details.</msg>
<msg timestamp="20240710 12:09:31.889" level="FAIL">Error: Tried to take screenshot, but no page was open.</msg>
<status status="FAIL" starttime="20240710 12:09:31.179" endtime="20240710 12:09:31.897">Error: Tried to take screenshot, but no page was open.</status>
</kw>
<status status="FAIL" starttime="20240710 12:09:21.656" endtime="20240710 12:09:32.154">Setup failed:
Error: page.goto: net::ERR_CONNECTION_REFUSED at http://localhost:3000/
Call log:
  [2m- navigating to "http://localhost:3000/", waiting until "load"[22m


Also teardown failed:
Error: Tried to take screenshot, but no page was open.</status>
</test>
<test id="s1-t2" name="Não deve permitir o cadastro com email duplicado" line="37">
<kw name="Start Session" library="base" type="SETUP">
<kw name="New Browser" library="Browser">
<arg>browser=chromium</arg>
<arg>headless=False</arg>
<tag>BrowserControl</tag>
<tag>Setter</tag>
<doc>Create a new playwright Browser with specified options.</doc>
<msg timestamp="20240710 12:09:32.777" level="INFO">Switching browser to browser=54b27178-bcf2-467a-b1fb-9e710f56cbfb</msg>
<msg timestamp="20240710 12:09:32.785" level="INFO">Successfully changed active browser: browser=54b27178-bcf2-467a-b1fb-9e710f56cbfb</msg>
<msg timestamp="20240710 12:09:32.785" level="INFO">Reusing existing browser with id: browser=54b27178-bcf2-467a-b1fb-9e710f56cbfb</msg>
<status status="PASS" starttime="20240710 12:09:32.776" endtime="20240710 12:09:32.785"/>
</kw>
<kw name="New Page" library="Browser">
<arg>http://localhost:3000</arg>
<tag>BrowserControl</tag>
<tag>Setter</tag>
<doc>Open a new Page.</doc>
<msg timestamp="20240710 12:09:56.329" level="INFO">Keyword 'Take Screenshot  fail-screenshot-{index}' could not be run on failure:
Error: Tried to take screenshot, but no page was open.</msg>
<msg timestamp="20240710 12:09:56.329" level="INFO">See also file:///C:/Users/renat/OneDrive/Documentos/Cursos%20Papito/RobotFramework_Papito/QAx/projects/mark85-robot-express/tests/logs/playwright-log.txt for additional details.</msg>
<msg timestamp="20240710 12:09:56.329" level="FAIL">Error: page.goto: net::ERR_CONNECTION_REFUSED at http://localhost:3000/
Call log:
  [2m- navigating to "http://localhost:3000/", waiting until "load"[22m
</msg>
<status status="FAIL" starttime="20240710 12:09:32.786" endtime="20240710 12:09:56.356"/>
</kw>
<status status="FAIL" starttime="20240710 12:09:32.775" endtime="20240710 12:09:56.356"/>
</kw>
<kw name="Take Screenshot" library="Browser" type="TEARDOWN">
<tag>PageContent</tag>
<doc>Takes a screenshot of the current window or element and saves it to disk.</doc>
<msg timestamp="20240710 12:09:56.722" level="INFO">Keyword 'Take Screenshot  fail-screenshot-{index}' could not be run on failure:
Error: Tried to take screenshot, but no page was open.</msg>
<msg timestamp="20240710 12:09:56.722" level="INFO">See also file:///C:/Users/renat/OneDrive/Documentos/Cursos%20Papito/RobotFramework_Papito/QAx/projects/mark85-robot-express/tests/logs/playwright-log.txt for additional details.</msg>
<msg timestamp="20240710 12:09:56.722" level="FAIL">Error: Tried to take screenshot, but no page was open.</msg>
<status status="FAIL" starttime="20240710 12:09:56.360" endtime="20240710 12:09:56.728">Error: Tried to take screenshot, but no page was open.</status>
</kw>
<tag>dup</tag>
<status status="FAIL" starttime="20240710 12:09:32.697" endtime="20240710 12:09:56.823">Setup failed:
Error: page.goto: net::ERR_CONNECTION_REFUSED at http://localhost:3000/
Call log:
  [2m- navigating to "http://localhost:3000/", waiting until "load"[22m


Also teardown failed:
Error: Tried to take screenshot, but no page was open.</status>
</test>
<doc>Cenários de testes do cadastro de usuários</doc>
<status status="FAIL" starttime="20240710 12:09:08.835" endtime="20240710 12:09:56.985"/>
</suite>
<statistics>
<total>
<stat pass="0" fail="2" skip="0">All Tests</stat>
</total>
<tag>
<stat pass="0" fail="1" skip="0">dup</stat>
</tag>
<suite>
<stat pass="0" fail="2" skip="0" id="s1" name="Signup">Signup</stat>
</suite>
</statistics>
<errors>
</errors>
</robot>
