<?xml version="1.0" encoding="UTF-8"?>
<robot generator="Robot 6.1.1 (Python 3.12.0 on win32)" generated="20240719 00:00:14.486" rpa="false" schemaversion="4">
<suite id="s1" name="Login" source="C:\Users\renat\OneDrive\Documentos\Cursos Papito\RobotFramework_Papito\QAx\projects\mark85-robot-express\tests\login.robot">
<test id="s1-t1" name="Deve poder logar com um usuário pré-cadastrado" line="11">
<kw name="Start Session" library="base" type="SETUP">
<kw name="New Browser" library="Browser">
<arg>browser=chromium</arg>
<arg>headless=False</arg>
<tag>BrowserControl</tag>
<tag>Setter</tag>
<doc>Create a new playwright Browser with specified options.</doc>
<msg timestamp="20240719 00:00:18.910" level="INFO">{"browser": "chromium", "headless": false, "chromiumSandbox": false, "devtools": false, "handleSIGHUP": true, "handleSIGINT": true, "handleSIGTERM": true, "slowMo": 0.0, "timeout": 30000.0, "tracesDir": "C:\\Users\\renat\\OneDrive\\Documentos\\Cursos Papito\\RobotFramework_Papito\\QAx\\projects\\mark85-robot-express\\logs\\browser\\traces\\514b0768-cfb9-472a-a133-4839cb154f0f"}</msg>
<msg timestamp="20240719 00:00:19.777" level="INFO">Successfully created browser with options: {"browser":"chromium","headless":false,"chromiumSandbox":false,"devtools":false,"handleSIGHUP":true,"handleSIGINT":true,"handleSIGTERM":true,"slowMo":0,"timeout":30000,"tracesDir":"C:\\Users\\renat\\OneDrive\\Documentos\\Cursos Papito\\RobotFramework_Papito\\QAx\\projects\\mark85-robot-express\\logs\\browser\\traces\\514b0768-cfb9-472a-a133-4839cb154f0f"}</msg>
<status status="PASS" starttime="20240719 00:00:18.908" endtime="20240719 00:00:19.778"/>
</kw>
<kw name="New Page" library="Browser">
<arg>${BASE_URL}</arg>
<tag>BrowserControl</tag>
<tag>Setter</tag>
<doc>Open a new Page.</doc>
<msg timestamp="20240719 00:00:37.721" level="INFO">Successfully initialized new page object and opened url: http://localhost:3000</msg>
<msg timestamp="20240719 00:00:37.722" level="INFO">No context was open. New context was automatically opened when this page is created.</msg>
<status status="PASS" starttime="20240719 00:00:19.779" endtime="20240719 00:00:37.722"/>
</kw>
<status status="PASS" starttime="20240719 00:00:18.907" endtime="20240719 00:00:37.722"/>
</kw>
<kw name="Create Dictionary" library="BuiltIn">
<var>${user}</var>
<arg>name=Renata Lobato</arg>
<arg>email=re_srs@yahoo.com.br</arg>
<arg>password=123456</arg>
<doc>Creates and returns a dictionary based on the given ``items``.</doc>
<msg timestamp="20240719 00:00:37.773" level="INFO">${user} = {'name': 'Renata Lobato', 'email': 're_srs@yahoo.com.br', 'password': '123456'}</msg>
<status status="PASS" starttime="20240719 00:00:37.772" endtime="20240719 00:00:37.773"/>
</kw>
<kw name="Remove user from database" library="database">
<arg>${user}[email]</arg>
<msg timestamp="20240719 00:00:37.922" level="INFO">removing user by re_srs@yahoo.com.br</msg>
<status status="PASS" starttime="20240719 00:00:37.774" endtime="20240719 00:00:37.922"/>
</kw>
<kw name="Insert user from database" library="database">
<arg>${user}</arg>
<msg timestamp="20240719 00:00:37.994" level="INFO">{'name': 'Renata Lobato', 'email': 're_srs@yahoo.com.br', 'password': '123456'}</msg>
<status status="PASS" starttime="20240719 00:00:37.923" endtime="20240719 00:00:37.994"/>
</kw>
<kw name="Submit login form" library="LoginPage">
<arg>${user}</arg>
<kw name="Fill Text" library="Browser">
<arg>css=input[placeholder$=mail]</arg>
<arg>${user}[email]</arg>
<tag>PageContent</tag>
<tag>Setter</tag>
<doc>Clears and fills the given ``txt`` into the text field found by ``selector``.</doc>
<msg timestamp="20240719 00:00:37.998" level="INFO">Fills the text 're_srs@yahoo.com.br' in the given field.</msg>
<status status="PASS" starttime="20240719 00:00:37.997" endtime="20240719 00:00:38.188"/>
</kw>
<kw name="Fill Text" library="Browser">
<arg>css=input[placeholder=Senha]</arg>
<arg>${user}[password]</arg>
<tag>PageContent</tag>
<tag>Setter</tag>
<doc>Clears and fills the given ``txt`` into the text field found by ``selector``.</doc>
<msg timestamp="20240719 00:00:38.189" level="INFO">Fills the text '123456' in the given field.</msg>
<status status="PASS" starttime="20240719 00:00:38.188" endtime="20240719 00:00:38.260"/>
</kw>
<kw name="Click" library="Browser">
<arg>css=button &gt;&gt; text=Entrar</arg>
<tag>PageContent</tag>
<tag>Setter</tag>
<doc>Simulates mouse click on the element found by ``selector``.</doc>
<msg timestamp="20240719 00:00:38.261" level="INFO">Clicks the element 'css=button &gt;&gt; text=Entrar'.</msg>
<status status="PASS" starttime="20240719 00:00:38.260" endtime="20240719 00:00:38.476"/>
</kw>
<status status="PASS" starttime="20240719 00:00:37.996" endtime="20240719 00:00:38.477"/>
</kw>
<kw name="User should be logged in" library="LoginPage">
<arg>${user}[name]</arg>
<kw name="Split String" library="String">
<var>@{splited_name}</var>
<arg>${name}</arg>
<doc>Splits the ``string`` using ``separator`` as a delimiter string.</doc>
<msg timestamp="20240719 00:00:38.555" level="INFO">@{splited_name} = [ Renata | Lobato ]</msg>
<status status="PASS" starttime="20240719 00:00:38.547" endtime="20240719 00:00:38.555"/>
</kw>
<kw name="Set Variable" library="BuiltIn">
<var>${element}</var>
<arg>css=header .right small</arg>
<doc>Returns the given values which can then be assigned to a variables.</doc>
<msg timestamp="20240719 00:00:38.557" level="INFO">${element} = css=header .right small</msg>
<status status="PASS" starttime="20240719 00:00:38.556" endtime="20240719 00:00:38.557"/>
</kw>
<kw name="Wait For Elements State" library="Browser">
<arg>${element}</arg>
<arg>visible</arg>
<arg>5</arg>
<tag>PageContent</tag>
<tag>Wait</tag>
<doc>Waits for the element found by ``selector`` to satisfy state option.</doc>
<msg timestamp="20240719 00:00:38.745" level="INFO">Waited for Element with selector css=header .right small at state visible</msg>
<status status="PASS" starttime="20240719 00:00:38.558" endtime="20240719 00:00:38.745"/>
</kw>
<kw name="Get Text" library="Browser">
<arg>${element}</arg>
<arg>equal</arg>
<arg>Olá, ${splited_name}[0]</arg>
<tag>Assertion</tag>
<tag>Getter</tag>
<tag>PageContent</tag>
<doc>Returns text attribute of the element found by ``selector``.</doc>
<msg timestamp="20240719 00:00:38.862" level="INFO">Text: 'Olá, Renata'</msg>
<status status="PASS" starttime="20240719 00:00:38.745" endtime="20240719 00:00:38.862"/>
</kw>
<status status="PASS" starttime="20240719 00:00:38.546" endtime="20240719 00:00:38.862"/>
</kw>
<kw name="Take Screenshot" library="Browser" type="TEARDOWN">
<tag>PageContent</tag>
<doc>Takes a screenshot of the current window or element and saves it to disk.</doc>
<msg timestamp="20240719 00:00:39.345" level="INFO" html="true">&lt;/td&gt;&lt;/tr&gt;&lt;tr&gt;&lt;td colspan="3"&gt;&lt;a href="browser/screenshot/robotframework-browser-screenshot-1.png" target="_blank"&gt;&lt;img src="browser/screenshot/robotframework-browser-screenshot-1.png" width="800px"/&gt;&lt;/a&gt;</msg>
<status status="PASS" starttime="20240719 00:00:38.878" endtime="20240719 00:00:39.345"/>
</kw>
<status status="PASS" starttime="20240719 00:00:18.890" endtime="20240719 00:00:39.346"/>
</test>
<doc>Cenários de autenticação do usuário</doc>
<status status="PASS" starttime="20240719 00:00:14.491" endtime="20240719 00:00:39.860"/>
</suite>
<statistics>
<total>
<stat pass="1" fail="0" skip="0">All Tests</stat>
</total>
<tag>
</tag>
<suite>
<stat pass="1" fail="0" skip="0" id="s1" name="Login">Login</stat>
</suite>
</statistics>
<errors>
</errors>
</robot>
