<?xml version="1.0" encoding="UTF-8"?>
<robot generator="Robot 6.1.1 (Python 3.12.0 on win32)" generated="20240708 16:22:11.980" rpa="false" schemaversion="4">
<suite id="s1" name="Signup" source="C:\Users\renat\OneDrive\Documentos\Cursos Papito\RobotFramework_Papito\QAx\projects\mark85-robot-express\signup.robot">
<test id="s1-t1" name="Deve poder cadastrar um novo usuário" line="8">
<kw name="Name" library="FakerLibrary">
<var>${name}</var>
<doc>:example: 'John Doe'</doc>
<msg timestamp="20240708 16:22:17.432" level="INFO">${name} = Troy Lee</msg>
<status status="PASS" starttime="20240708 16:22:17.430" endtime="20240708 16:22:17.432"/>
</kw>
<kw name="Free Email" library="FakerLibrary">
<var>${email}</var>
<msg timestamp="20240708 16:22:17.444" level="INFO">${email} = michelle16@yahoo.com</msg>
<status status="PASS" starttime="20240708 16:22:17.443" endtime="20240708 16:22:17.444"/>
</kw>
<kw name="Set Variable" library="BuiltIn">
<var>${password}</var>
<arg>123456</arg>
<doc>Returns the given values which can then be assigned to a variables.</doc>
<msg timestamp="20240708 16:22:17.446" level="INFO">${password} = 123456</msg>
<status status="PASS" starttime="20240708 16:22:17.445" endtime="20240708 16:22:17.446"/>
</kw>
<kw name="New Browser" library="Browser">
<arg>browser=chromium</arg>
<arg>headless=False</arg>
<tag>BrowserControl</tag>
<tag>Setter</tag>
<doc>Create a new playwright Browser with specified options.</doc>
<msg timestamp="20240708 16:22:17.463" level="INFO">{"browser": "chromium", "headless": false, "chromiumSandbox": false, "devtools": false, "handleSIGHUP": true, "handleSIGINT": true, "handleSIGTERM": true, "slowMo": 0.0, "timeout": 30000.0, "tracesDir": "C:\\Users\\renat\\OneDrive\\Documentos\\Cursos Papito\\RobotFramework_Papito\\QAx\\projects\\mark85-robot-express\\logs\\browser\\traces\\1f6d750f-bacf-4ff8-805a-c0bbb8fd7146"}</msg>
<msg timestamp="20240708 16:22:18.694" level="INFO">Successfully created browser with options: {"browser":"chromium","headless":false,"chromiumSandbox":false,"devtools":false,"handleSIGHUP":true,"handleSIGINT":true,"handleSIGTERM":true,"slowMo":0,"timeout":30000,"tracesDir":"C:\\Users\\renat\\OneDrive\\Documentos\\Cursos Papito\\RobotFramework_Papito\\QAx\\projects\\mark85-robot-express\\logs\\browser\\traces\\1f6d750f-bacf-4ff8-805a-c0bbb8fd7146"}</msg>
<status status="PASS" starttime="20240708 16:22:17.460" endtime="20240708 16:22:18.694"/>
</kw>
<kw name="New Page" library="Browser">
<arg>http://localhost:3000/signup</arg>
<tag>BrowserControl</tag>
<tag>Setter</tag>
<doc>Open a new Page.</doc>
<msg timestamp="20240708 16:22:21.688" level="INFO">Successfully initialized new page object and opened url: http://localhost:3000/signup</msg>
<msg timestamp="20240708 16:22:21.688" level="INFO">No context was open. New context was automatically opened when this page is created.</msg>
<status status="PASS" starttime="20240708 16:22:18.723" endtime="20240708 16:22:21.688"/>
</kw>
<kw name="Wait For Elements State" library="Browser">
<arg>css=h1</arg>
<arg>visible</arg>
<arg>5</arg>
<tag>PageContent</tag>
<tag>Wait</tag>
<doc>Waits for the element found by ``selector`` to satisfy state option.</doc>
<msg timestamp="20240708 16:22:21.972" level="INFO">Waited for Element with selector css=h1 at state visible</msg>
<status status="PASS" starttime="20240708 16:22:21.861" endtime="20240708 16:22:21.972"/>
</kw>
<kw name="Get Text" library="Browser">
<arg>css=h1</arg>
<arg>equal</arg>
<arg>Faça seu cadastro</arg>
<tag>Assertion</tag>
<tag>Getter</tag>
<tag>PageContent</tag>
<doc>Returns text attribute of the element found by ``selector``.</doc>
<msg timestamp="20240708 16:22:22.309" level="INFO">Text: 'Faça seu cadastro'</msg>
<status status="PASS" starttime="20240708 16:22:22.204" endtime="20240708 16:22:22.309"/>
</kw>
<kw name="Fill Text" library="Browser">
<arg>id=name</arg>
<arg>${name}</arg>
<tag>PageContent</tag>
<tag>Setter</tag>
<doc>Clears and fills the given ``txt`` into the text field found by ``selector``.</doc>
<msg timestamp="20240708 16:22:22.354" level="INFO">Fills the text 'Troy Lee' in the given field.</msg>
<status status="PASS" starttime="20240708 16:22:22.353" endtime="20240708 16:22:22.500"/>
</kw>
<kw name="Fill Text" library="Browser">
<arg>id=email</arg>
<arg>${email}</arg>
<tag>PageContent</tag>
<tag>Setter</tag>
<doc>Clears and fills the given ``txt`` into the text field found by ``selector``.</doc>
<msg timestamp="20240708 16:22:22.523" level="INFO">Fills the text 'michelle16@yahoo.com' in the given field.</msg>
<status status="PASS" starttime="20240708 16:22:22.523" endtime="20240708 16:22:22.607"/>
</kw>
<kw name="Fill Text" library="Browser">
<arg>id=password</arg>
<arg>${password}</arg>
<tag>PageContent</tag>
<tag>Setter</tag>
<doc>Clears and fills the given ``txt`` into the text field found by ``selector``.</doc>
<msg timestamp="20240708 16:22:22.696" level="INFO">Fills the text '123456' in the given field.</msg>
<status status="PASS" starttime="20240708 16:22:22.695" endtime="20240708 16:22:22.757"/>
</kw>
<kw name="Click" library="Browser">
<arg>id=buttonSignup</arg>
<tag>PageContent</tag>
<tag>Setter</tag>
<doc>Simulates mouse click on the element found by ``selector``.</doc>
<msg timestamp="20240708 16:22:22.781" level="INFO">Clicks the element 'id=buttonSignup'.</msg>
<status status="PASS" starttime="20240708 16:22:22.780" endtime="20240708 16:22:22.963"/>
</kw>
<kw name="Wait For Elements State" library="Browser">
<arg>css=.notice p</arg>
<arg>visible</arg>
<arg>5</arg>
<tag>PageContent</tag>
<tag>Wait</tag>
<doc>Waits for the element found by ``selector`` to satisfy state option.</doc>
<msg timestamp="20240708 16:22:23.094" level="INFO">Waited for Element with selector css=.notice p at state visible</msg>
<status status="PASS" starttime="20240708 16:22:23.011" endtime="20240708 16:22:23.095"/>
</kw>
<kw name="Get Text" library="Browser">
<arg>css=.notice p</arg>
<arg>equal</arg>
<arg>Boas vindas ao Mark85, o seu gerenciador de tarefas.</arg>
<tag>Assertion</tag>
<tag>Getter</tag>
<tag>PageContent</tag>
<doc>Returns text attribute of the element found by ``selector``.</doc>
<msg timestamp="20240708 16:22:23.253" level="INFO">Text: 'Boas vindas ao Mark85, o seu gerenciador de tarefas.'</msg>
<status status="PASS" starttime="20240708 16:22:23.164" endtime="20240708 16:22:23.254"/>
</kw>
<status status="PASS" starttime="20240708 16:22:17.417" endtime="20240708 16:22:23.263"/>
</test>
<doc>Cenários de testes do cadastro de usuários</doc>
<status status="PASS" starttime="20240708 16:22:11.984" endtime="20240708 16:22:24.283"/>
</suite>
<statistics>
<total>
<stat pass="1" fail="0" skip="0">All Tests</stat>
</total>
<tag>
</tag>
<suite>
<stat pass="1" fail="0" skip="0" id="s1" name="Signup">Signup</stat>
</suite>
</statistics>
<errors>
</errors>
</robot>
